<?xml version="1.0" encoding="UTF-8"?>
<!-- Generated by org.testng.reporters.JUnitXMLReporter -->
<testsuite ignored="2" hostname="victorReddy" failures="0" tests="1" name="Default test" time="3.847" errors="0" timestamp="2024-04-17T00:34:02 IST">
  <testcase classname="com.tutorialsninja.Search" name="searchForInValidProduct" time="0.473"/>
  <testcase classname="com.tutorialsninja.Search" name="searchForValidProduct" time="0.0">
    <ignored/>
  </testcase> <!-- searchForValidProduct -->
  <testcase classname="com.tutorialsninja.Search" name="searchForWithoutProvidingCredentials" time="0.0">
    <ignored/>
  </testcase> <!-- searchForWithoutProvidingCredentials -->
</testsuite> <!-- Default test -->
