<?xml version="1.0" encoding="UTF-8"?>
<!-- Generated by org.testng.reporters.JUnitXMLReporter -->
<testsuite ignored="0" hostname="victorReddy" failures="0" tests="13" name="Tutorialsninja" time="28.067" errors="0" timestamp="2024-04-17T22:26:08 IST">
  <testcase classname="com.tutorialsninja.SearchTest" name="searchForValidProduct" time="0.526"/>
  <testcase classname="com.tutorialsninja.LoginTest" name="verifyLoginWithVaildCredentails" time="1.019"/>
  <testcase classname="com.tutorialsninja.SearchTest" name="searchForInValidProduct" time="0.443"/>
  <testcase classname="com.tutorialsninja.LoginTest" name="verifyLoginWithVaildCredentails" time="0.958"/>
  <testcase classname="com.tutorialsninja.SearchTest" name="searchForWithoutProvidingCredentials" time="0.316"/>
  <testcase classname="com.tutorialsninja.LoginTest" name="verifyLoginwithInvalidCredentails" time="0.862"/>
  <testcase classname="com.tutorialsninja.RegisterTest" name="verityRegisterAnAccountWithMandatoryFields" time="1.392"/>
  <testcase classname="com.tutorialsninja.LoginTest" name="verifyLoginwithInvalidEmailAndValidPassword" time="0.974"/>
  <testcase classname="com.tutorialsninja.RegisterTest" name="verityRegisterAnAccountWithAllfields" time="1.444"/>
  <testcase classname="com.tutorialsninja.LoginTest" name="verifyLoginwithvalidEmailAndInValidPassword" time="1.133"/>
  <testcase classname="com.tutorialsninja.RegisterTest" name="verityRegisterAnAccountWithExistingEmailAddresss" time="1.408"/>
  <testcase classname="com.tutorialsninja.LoginTest" name="verifyLoginwithoutProvindingCretials" time="0.617"/>
  <testcase classname="com.tutorialsninja.RegisterTest" name="verityRegisterAnAccountWithoutAntCretendials" time="0.593"/>
</testsuite> <!-- Tutorialsninja -->
